[debug] [2021-07-08T23:35:37.157Z] ----------------------------------------------------------------------
[debug] [2021-07-08T23:35:37.160Z] Command:       /Users/bryanjazo/.nvm/versions/node/v16.2.0/bin/node /Users/bryanjazo/.nvm/versions/node/v16.2.0/bin/firebase emulators:start
[debug] [2021-07-08T23:35:37.160Z] CLI Version:   9.13.1
[debug] [2021-07-08T23:35:37.161Z] Platform:      darwin
[debug] [2021-07-08T23:35:37.161Z] Node Version:  v16.2.0
[debug] [2021-07-08T23:35:37.168Z] Time:          Thu Jul 08 2021 16:35:37 GMT-0700 (Pacific Daylight Time)
[debug] [2021-07-08T23:35:37.168Z] ----------------------------------------------------------------------
[debug] 
[debug] [2021-07-08T23:35:37.184Z] > command requires scopes: ["email","openid","https://www.googleapis.com/auth/cloudplatformprojects.readonly","https://www.googleapis.com/auth/firebase","https://www.googleapis.com/auth/cloud-platform"]
[debug] [2021-07-08T23:35:37.185Z] > authorizing via signed-in user (bryanjazo88@gmail.com)
[info] i  emulators: Starting emulators: functions {"metadata":{"emulator":{"name":"hub"},"message":"Starting emulators: functions"}}
[debug] [2021-07-08T23:35:37.323Z] [hub] writing locator at /var/folders/jf/cf6325q504z0_gw8jtj0qb0m0000gn/T/hub-clone-927bb.json
[warn] ⚠  functions: The following emulators are not running, calls to these services from the Functions emulator will affect production: auth, firestore, database, hosting, pubsub, storage {"metadata":{"emulator":{"name":"functions"},"message":"The following emulators are not running, calls to these services from the Functions emulator will affect production: \u001b[1mauth, firestore, database, hosting, pubsub, storage\u001b[22m"}}
[warn] ⚠  Your requested "node" version "14" doesn't match your global version "16" {"metadata":{"emulator":{"name":"functions"},"message":"Your requested \"node\" version \"14\" doesn't match your global version \"16\""}}
[debug] [2021-07-08T23:35:37.524Z] defaultcredentials: writing to file /Users/bryanjazo/.config/firebase/bryanjazo88_gmail_com_application_default_credentials.json
[debug] [2021-07-08T23:35:37.532Z] Setting GAC to /Users/bryanjazo/.config/firebase/bryanjazo88_gmail_com_application_default_credentials.json {"metadata":{"emulator":{"name":"functions"},"message":"Setting GAC to /Users/bryanjazo/.config/firebase/bryanjazo88_gmail_com_application_default_credentials.json"}}
[debug] [2021-07-08T23:35:37.538Z] > refreshing access token with scopes: []
[debug] [2021-07-08T23:35:37.539Z] >>> HTTP REQUEST POST https://www.googleapis.com/oauth2/v3/token  
 <request body omitted>
[debug] [2021-07-08T23:35:37.742Z] <<< HTTP RESPONSE 200 {"pragma":"no-cache","date":"Thu, 08 Jul 2021 23:35:37 GMT","cache-control":"no-cache, no-store, max-age=0, must-revalidate","expires":"Mon, 01 Jan 1990 00:00:00 GMT","content-type":"application/json; charset=utf-8","vary":"X-Origin, Referer, Origin,Accept-Encoding","server":"scaffolding on HTTPServer2","x-xss-protection":"0","x-frame-options":"SAMEORIGIN","x-content-type-options":"nosniff","alt-svc":"h3=\":443\"; ma=2592000,h3-29=\":443\"; ma=2592000,h3-T051=\":443\"; ma=2592000,h3-Q050=\":443\"; ma=2592000,h3-Q046=\":443\"; ma=2592000,h3-Q043=\":443\"; ma=2592000,quic=\":443\"; ma=2592000; v=\"46,43\"","accept-ranges":"none","transfer-encoding":"chunked"}
[debug] [2021-07-08T23:35:37.759Z] >>> [apiv2][query] GET https://firebase.googleapis.com/v1beta1/projects/clone-927bb/adminSdkConfig [none]
[debug] [2021-07-08T23:35:38.034Z] <<< [apiv2][status] GET https://firebase.googleapis.com/v1beta1/projects/clone-927bb/adminSdkConfig 200
[debug] [2021-07-08T23:35:38.035Z] <<< [apiv2][body] GET https://firebase.googleapis.com/v1beta1/projects/clone-927bb/adminSdkConfig {"projectId":"clone-927bb","storageBucket":"clone-927bb.appspot.com"}
[debug] [2021-07-08T23:35:38.057Z] Ignoring unsupported arg: auto_download {"metadata":{"emulator":{"name":"ui"},"message":"Ignoring unsupported arg: auto_download"}}
[debug] [2021-07-08T23:35:38.057Z] Ignoring unsupported arg: port {"metadata":{"emulator":{"name":"ui"},"message":"Ignoring unsupported arg: port"}}
[debug] [2021-07-08T23:35:38.058Z] Starting Emulator UI with command {"binary":"node","args":["/Users/bryanjazo/.cache/firebase/emulators/ui-v1.5.0/server.bundle.js"],"optionalArgs":[],"joinArgs":false} {"metadata":{"emulator":{"name":"ui"},"message":"Starting Emulator UI with command {\"binary\":\"node\",\"args\":[\"/Users/bryanjazo/.cache/firebase/emulators/ui-v1.5.0/server.bundle.js\"],\"optionalArgs\":[],\"joinArgs\":false}"}}
[info] i  ui: Emulator UI logging to ui-debug.log {"metadata":{"emulator":{"name":"ui"},"message":"Emulator UI logging to \u001b[1mui-debug.log\u001b[22m"}}
[debug] [2021-07-08T23:35:38.430Z] Web / API server started at http://localhost:4000
 {"metadata":{"emulator":{"name":"ui"},"message":"Web / API server started at http://localhost:4000\n"}}
[info] i  functions: Watching "/Users/bryanjazo/Amazon-React/functions" for Cloud Functions... {"metadata":{"emulator":{"name":"functions"},"message":"Watching \"/Users/bryanjazo/Amazon-React/functions\" for Cloud Functions..."}}
[debug] [2021-07-08T23:35:38.619Z] [worker-pool] addWorker(~diagnostic~) {"metadata":{"emulator":{"name":"functions"},"message":"[worker-pool] addWorker(~diagnostic~)"}}
[debug] [2021-07-08T23:35:38.620Z] [worker-pool] Adding worker with key ~diagnostic~, total=1 {"metadata":{"emulator":{"name":"functions"},"message":"[worker-pool] Adding worker with key ~diagnostic~, total=1"}}
[debug] [2021-07-08T23:35:38.620Z] [worker-pool] submitWork(triggerId=) {"metadata":{"emulator":{"name":"functions"},"message":"[worker-pool] submitWork(triggerId=)"}}
[debug] [2021-07-08T23:35:38.621Z] [worker-~diagnostic~-a3e2aa68-7413-474a-9e7c-cde060179ed7]: Assigning socketPath: /var/folders/jf/cf6325q504z0_gw8jtj0qb0m0000gn/T/fire_emu_80185.sock {"metadata":{"emulator":{"name":"functions"},"message":"[worker-~diagnostic~-a3e2aa68-7413-474a-9e7c-cde060179ed7]: Assigning socketPath: /var/folders/jf/cf6325q504z0_gw8jtj0qb0m0000gn/T/fire_emu_80185.sock"}}
[debug] [2021-07-08T23:35:38.621Z] [worker-~diagnostic~-a3e2aa68-7413-474a-9e7c-cde060179ed7]: BUSY {"metadata":{"emulator":{"name":"functions"},"message":"[worker-~diagnostic~-a3e2aa68-7413-474a-9e7c-cde060179ed7]: BUSY"}}
[debug] [2021-07-08T23:35:39.161Z] [runtime-status] [80185] Functions runtime initialized. {"cwd":"/Users/bryanjazo/Amazon-React/functions","node_version":"16.2.0"} {"metadata":{"emulator":{"name":"functions"},"message":"[runtime-status] [80185] Functions runtime initialized. {\"cwd\":\"/Users/bryanjazo/Amazon-React/functions\",\"node_version\":\"16.2.0\"}"}}
[debug] [2021-07-08T23:35:39.161Z] [runtime-status] [80185] Disabled runtime features: undefined {"metadata":{"emulator":{"name":"functions"},"message":"[runtime-status] [80185] Disabled runtime features: undefined"}}
[debug] [2021-07-08T23:35:39.186Z] [runtime-status] [80185] Resolved module firebase-admin {"declared":true,"installed":true,"version":"9.9.0","resolution":"/Users/bryanjazo/Amazon-React/functions/node_modules/firebase-admin/lib/index.js"} {"metadata":{"emulator":{"name":"functions"},"message":"[runtime-status] [80185] Resolved module firebase-admin {\"declared\":true,\"installed\":true,\"version\":\"9.9.0\",\"resolution\":\"/Users/bryanjazo/Amazon-React/functions/node_modules/firebase-admin/lib/index.js\"}"}}
[debug] [2021-07-08T23:35:39.189Z] [runtime-status] [80185] Resolved module firebase-functions {"declared":true,"installed":true,"version":"3.14.1","resolution":"/Users/bryanjazo/Amazon-React/functions/node_modules/firebase-functions/lib/index.js"} {"metadata":{"emulator":{"name":"functions"},"message":"[runtime-status] [80185] Resolved module firebase-functions {\"declared\":true,\"installed\":true,\"version\":\"3.14.1\",\"resolution\":\"/Users/bryanjazo/Amazon-React/functions/node_modules/firebase-functions/lib/index.js\"}"}}
[debug] [2021-07-08T23:35:39.198Z] [runtime-status] [80185] Resolved module firebase-functions {"declared":true,"installed":true,"version":"3.14.1","resolution":"/Users/bryanjazo/Amazon-React/functions/node_modules/firebase-functions/lib/index.js"} {"metadata":{"emulator":{"name":"functions"},"message":"[runtime-status] [80185] Resolved module firebase-functions {\"declared\":true,\"installed\":true,\"version\":\"3.14.1\",\"resolution\":\"/Users/bryanjazo/Amazon-React/functions/node_modules/firebase-functions/lib/index.js\"}"}}
[debug] [2021-07-08T23:35:39.201Z] [runtime-status] [80185] Outgoing network have been stubbed. [{"name":"http","status":"mocked"},{"name":"http","status":"mocked"},{"name":"https","status":"mocked"},{"name":"https","status":"mocked"},{"name":"net","status":"mocked"}] {"metadata":{"emulator":{"name":"functions"},"message":"[runtime-status] [80185] Outgoing network have been stubbed. [{\"name\":\"http\",\"status\":\"mocked\"},{\"name\":\"http\",\"status\":\"mocked\"},{\"name\":\"https\",\"status\":\"mocked\"},{\"name\":\"https\",\"status\":\"mocked\"},{\"name\":\"net\",\"status\":\"mocked\"}]"}}
[debug] [2021-07-08T23:35:39.202Z] [runtime-status] [80185] Resolved module firebase-functions {"declared":true,"installed":true,"version":"3.14.1","resolution":"/Users/bryanjazo/Amazon-React/functions/node_modules/firebase-functions/lib/index.js"} {"metadata":{"emulator":{"name":"functions"},"message":"[runtime-status] [80185] Resolved module firebase-functions {\"declared\":true,\"installed\":true,\"version\":\"3.14.1\",\"resolution\":\"/Users/bryanjazo/Amazon-React/functions/node_modules/firebase-functions/lib/index.js\"}"}}
[debug] [2021-07-08T23:35:39.432Z] [runtime-status] [80185] Checked functions.config() {"config":{}} {"metadata":{"emulator":{"name":"functions"},"message":"[runtime-status] [80185] Checked functions.config() {\"config\":{}}"}}
[debug] [2021-07-08T23:35:39.432Z] [runtime-status] [80185] firebase-functions has been stubbed. {"functionsResolution":{"declared":true,"installed":true,"version":"3.14.1","resolution":"/Users/bryanjazo/Amazon-React/functions/node_modules/firebase-functions/lib/index.js"}} {"metadata":{"emulator":{"name":"functions"},"message":"[runtime-status] [80185] firebase-functions has been stubbed. {\"functionsResolution\":{\"declared\":true,\"installed\":true,\"version\":\"3.14.1\",\"resolution\":\"/Users/bryanjazo/Amazon-React/functions/node_modules/firebase-functions/lib/index.js\"}}"}}
[debug] [2021-07-08T23:35:39.433Z] [runtime-status] [80185] Resolved module firebase-functions {"declared":true,"installed":true,"version":"3.14.1","resolution":"/Users/bryanjazo/Amazon-React/functions/node_modules/firebase-functions/lib/index.js"} {"metadata":{"emulator":{"name":"functions"},"message":"[runtime-status] [80185] Resolved module firebase-functions {\"declared\":true,\"installed\":true,\"version\":\"3.14.1\",\"resolution\":\"/Users/bryanjazo/Amazon-React/functions/node_modules/firebase-functions/lib/index.js\"}"}}
[debug] [2021-07-08T23:35:39.433Z] [runtime-status] [80185] Resolved module firebase-admin {"declared":true,"installed":true,"version":"9.9.0","resolution":"/Users/bryanjazo/Amazon-React/functions/node_modules/firebase-admin/lib/index.js"} {"metadata":{"emulator":{"name":"functions"},"message":"[runtime-status] [80185] Resolved module firebase-admin {\"declared\":true,\"installed\":true,\"version\":\"9.9.0\",\"resolution\":\"/Users/bryanjazo/Amazon-React/functions/node_modules/firebase-admin/lib/index.js\"}"}}
[debug] [2021-07-08T23:35:39.433Z] [runtime-status] [80185] Resolved module firebase-functions {"declared":true,"installed":true,"version":"3.14.1","resolution":"/Users/bryanjazo/Amazon-React/functions/node_modules/firebase-functions/lib/index.js"} {"metadata":{"emulator":{"name":"functions"},"message":"[runtime-status] [80185] Resolved module firebase-functions {\"declared\":true,\"installed\":true,\"version\":\"3.14.1\",\"resolution\":\"/Users/bryanjazo/Amazon-React/functions/node_modules/firebase-functions/lib/index.js\"}"}}
[debug] [2021-07-08T23:35:39.433Z] [runtime-status] [80185] firebase-admin has been stubbed. {"adminResolution":{"declared":true,"installed":true,"version":"9.9.0","resolution":"/Users/bryanjazo/Amazon-React/functions/node_modules/firebase-admin/lib/index.js"}} {"metadata":{"emulator":{"name":"functions"},"message":"[runtime-status] [80185] firebase-admin has been stubbed. {\"adminResolution\":{\"declared\":true,\"installed\":true,\"version\":\"9.9.0\",\"resolution\":\"/Users/bryanjazo/Amazon-React/functions/node_modules/firebase-admin/lib/index.js\"}}"}}
[info] ✔  functions[us-central1-api]: http function initialized (http://localhost:5001/clone-927bb/us-central1/api). {"metadata":{"emulator":{"name":"functions"},"message":"\u001b[1mhttp\u001b[22m function initialized (http://localhost:5001/clone-927bb/us-central1/api)."}}
[info] 
┌─────────────────────────────────────────────────────────────┐
│ ✔  All emulators ready! It is now safe to connect your app. │
│ i  View Emulator UI at http://localhost:4000                │
└─────────────────────────────────────────────────────────────┘

┌───────────┬────────────────┬─────────────────────────────────┐
│ Emulator  │ Host:Port      │ View in Emulator UI             │
├───────────┼────────────────┼─────────────────────────────────┤
│ Functions │ localhost:5001 │ http://localhost:4000/functions │
└───────────┴────────────────┴─────────────────────────────────┘
  Emulator Hub running at localhost:4400
  Other reserved ports: 4500

Issues? Report them at https://github.com/firebase/firebase-tools/issues and attach the *-debug.log files.
 
[debug] [2021-07-08T23:35:40.010Z] [worker-~diagnostic~-a3e2aa68-7413-474a-9e7c-cde060179ed7]: IDLE {"metadata":{"emulator":{"name":"functions"},"message":"[worker-~diagnostic~-a3e2aa68-7413-474a-9e7c-cde060179ed7]: IDLE"}}
[debug] [2021-07-08T23:36:01.418Z] [work-queue] {"queueLength":1,"workRunningCount":0}
[debug] [2021-07-08T23:36:01.419Z] [work-queue] {"queueLength":0,"workRunningCount":1}
[debug] [2021-07-08T23:36:01.419Z] Accepted request GET /clone-927bb/us-central1/api --> us-central1-api
[debug] [2021-07-08T23:36:01.431Z] [worker-pool] addWorker(us-central1-api) {"metadata":{"emulator":{"name":"functions"},"message":"[worker-pool] addWorker(us-central1-api)"}}
[debug] [2021-07-08T23:36:01.433Z] [worker-pool] Adding worker with key us-central1-api, total=1 {"metadata":{"emulator":{"name":"functions"},"message":"[worker-pool] Adding worker with key us-central1-api, total=1"}}
[debug] [2021-07-08T23:36:01.433Z] [worker-pool] submitWork(triggerId=us-central1-api) {"metadata":{"emulator":{"name":"functions"},"message":"[worker-pool] submitWork(triggerId=us-central1-api)"}}
[debug] [2021-07-08T23:36:01.434Z] [worker-us-central1-api-276ba549-d3c5-4be5-a592-ab02c7bd7ee0]: Assigning socketPath: /var/folders/jf/cf6325q504z0_gw8jtj0qb0m0000gn/T/fire_emu_80201.sock {"metadata":{"emulator":{"name":"functions"},"message":"[worker-us-central1-api-276ba549-d3c5-4be5-a592-ab02c7bd7ee0]: Assigning socketPath: /var/folders/jf/cf6325q504z0_gw8jtj0qb0m0000gn/T/fire_emu_80201.sock"}}
[debug] [2021-07-08T23:36:01.434Z] [worker-us-central1-api-276ba549-d3c5-4be5-a592-ab02c7bd7ee0]: BUSY {"metadata":{"emulator":{"name":"functions"},"message":"[worker-us-central1-api-276ba549-d3c5-4be5-a592-ab02c7bd7ee0]: BUSY"}}
[debug] [2021-07-08T23:36:03.120Z] [runtime-status] [80201] Functions runtime initialized. {"cwd":"/Users/bryanjazo/Amazon-React/functions","node_version":"16.2.0"} {"metadata":{"emulator":{"name":"functions"},"function":{"name":"us-central1-api"},"message":"[runtime-status] [80201] Functions runtime initialized. {\"cwd\":\"/Users/bryanjazo/Amazon-React/functions\",\"node_version\":\"16.2.0\"}"}}
[debug] [2021-07-08T23:36:03.125Z] [runtime-status] [80201] Disabled runtime features: undefined {"metadata":{"emulator":{"name":"functions"},"function":{"name":"us-central1-api"},"message":"[runtime-status] [80201] Disabled runtime features: undefined"}}
[debug] [2021-07-08T23:36:03.131Z] [runtime-status] [80201] Resolved module firebase-admin {"declared":true,"installed":true,"version":"9.9.0","resolution":"/Users/bryanjazo/Amazon-React/functions/node_modules/firebase-admin/lib/index.js"} {"metadata":{"emulator":{"name":"functions"},"function":{"name":"us-central1-api"},"message":"[runtime-status] [80201] Resolved module firebase-admin {\"declared\":true,\"installed\":true,\"version\":\"9.9.0\",\"resolution\":\"/Users/bryanjazo/Amazon-React/functions/node_modules/firebase-admin/lib/index.js\"}"}}
[debug] [2021-07-08T23:36:03.137Z] [runtime-status] [80201] Resolved module firebase-functions {"declared":true,"installed":true,"version":"3.14.1","resolution":"/Users/bryanjazo/Amazon-React/functions/node_modules/firebase-functions/lib/index.js"} {"metadata":{"emulator":{"name":"functions"},"function":{"name":"us-central1-api"},"message":"[runtime-status] [80201] Resolved module firebase-functions {\"declared\":true,\"installed\":true,\"version\":\"3.14.1\",\"resolution\":\"/Users/bryanjazo/Amazon-React/functions/node_modules/firebase-functions/lib/index.js\"}"}}
[debug] [2021-07-08T23:36:03.138Z] [runtime-status] [80201] Resolved module firebase-functions {"declared":true,"installed":true,"version":"3.14.1","resolution":"/Users/bryanjazo/Amazon-React/functions/node_modules/firebase-functions/lib/index.js"} {"metadata":{"emulator":{"name":"functions"},"function":{"name":"us-central1-api"},"message":"[runtime-status] [80201] Resolved module firebase-functions {\"declared\":true,\"installed\":true,\"version\":\"3.14.1\",\"resolution\":\"/Users/bryanjazo/Amazon-React/functions/node_modules/firebase-functions/lib/index.js\"}"}}
[debug] [2021-07-08T23:36:03.142Z] [runtime-status] [80201] Outgoing network have been stubbed. [{"name":"http","status":"mocked"},{"name":"http","status":"mocked"},{"name":"https","status":"mocked"},{"name":"https","status":"mocked"},{"name":"net","status":"mocked"}] {"metadata":{"emulator":{"name":"functions"},"function":{"name":"us-central1-api"},"message":"[runtime-status] [80201] Outgoing network have been stubbed. [{\"name\":\"http\",\"status\":\"mocked\"},{\"name\":\"http\",\"status\":\"mocked\"},{\"name\":\"https\",\"status\":\"mocked\"},{\"name\":\"https\",\"status\":\"mocked\"},{\"name\":\"net\",\"status\":\"mocked\"}]"}}
[debug] [2021-07-08T23:36:03.142Z] [runtime-status] [80201] Resolved module firebase-functions {"declared":true,"installed":true,"version":"3.14.1","resolution":"/Users/bryanjazo/Amazon-React/functions/node_modules/firebase-functions/lib/index.js"} {"metadata":{"emulator":{"name":"functions"},"function":{"name":"us-central1-api"},"message":"[runtime-status] [80201] Resolved module firebase-functions {\"declared\":true,\"installed\":true,\"version\":\"3.14.1\",\"resolution\":\"/Users/bryanjazo/Amazon-React/functions/node_modules/firebase-functions/lib/index.js\"}"}}
[debug] [2021-07-08T23:36:03.482Z] [runtime-status] [80201] Checked functions.config() {"config":{}} {"metadata":{"emulator":{"name":"functions"},"function":{"name":"us-central1-api"},"message":"[runtime-status] [80201] Checked functions.config() {\"config\":{}}"}}
[debug] [2021-07-08T23:36:03.482Z] [runtime-status] [80201] firebase-functions has been stubbed. {"functionsResolution":{"declared":true,"installed":true,"version":"3.14.1","resolution":"/Users/bryanjazo/Amazon-React/functions/node_modules/firebase-functions/lib/index.js"}} {"metadata":{"emulator":{"name":"functions"},"function":{"name":"us-central1-api"},"message":"[runtime-status] [80201] firebase-functions has been stubbed. {\"functionsResolution\":{\"declared\":true,\"installed\":true,\"version\":\"3.14.1\",\"resolution\":\"/Users/bryanjazo/Amazon-React/functions/node_modules/firebase-functions/lib/index.js\"}}"}}
[debug] [2021-07-08T23:36:03.483Z] [runtime-status] [80201] Resolved module firebase-functions {"declared":true,"installed":true,"version":"3.14.1","resolution":"/Users/bryanjazo/Amazon-React/functions/node_modules/firebase-functions/lib/index.js"} {"metadata":{"emulator":{"name":"functions"},"function":{"name":"us-central1-api"},"message":"[runtime-status] [80201] Resolved module firebase-functions {\"declared\":true,\"installed\":true,\"version\":\"3.14.1\",\"resolution\":\"/Users/bryanjazo/Amazon-React/functions/node_modules/firebase-functions/lib/index.js\"}"}}
[debug] [2021-07-08T23:36:03.485Z] [runtime-status] [80201] Resolved module firebase-admin {"declared":true,"installed":true,"version":"9.9.0","resolution":"/Users/bryanjazo/Amazon-React/functions/node_modules/firebase-admin/lib/index.js"} {"metadata":{"emulator":{"name":"functions"},"function":{"name":"us-central1-api"},"message":"[runtime-status] [80201] Resolved module firebase-admin {\"declared\":true,\"installed\":true,\"version\":\"9.9.0\",\"resolution\":\"/Users/bryanjazo/Amazon-React/functions/node_modules/firebase-admin/lib/index.js\"}"}}
[debug] [2021-07-08T23:36:03.487Z] [runtime-status] [80201] Resolved module firebase-functions {"declared":true,"installed":true,"version":"3.14.1","resolution":"/Users/bryanjazo/Amazon-React/functions/node_modules/firebase-functions/lib/index.js"} {"metadata":{"emulator":{"name":"functions"},"function":{"name":"us-central1-api"},"message":"[runtime-status] [80201] Resolved module firebase-functions {\"declared\":true,\"installed\":true,\"version\":\"3.14.1\",\"resolution\":\"/Users/bryanjazo/Amazon-React/functions/node_modules/firebase-functions/lib/index.js\"}"}}
[debug] [2021-07-08T23:36:03.487Z] [runtime-status] [80201] firebase-admin has been stubbed. {"adminResolution":{"declared":true,"installed":true,"version":"9.9.0","resolution":"/Users/bryanjazo/Amazon-React/functions/node_modules/firebase-admin/lib/index.js"}} {"metadata":{"emulator":{"name":"functions"},"function":{"name":"us-central1-api"},"message":"[runtime-status] [80201] firebase-admin has been stubbed. {\"adminResolution\":{\"declared\":true,\"installed\":true,\"version\":\"9.9.0\",\"resolution\":\"/Users/bryanjazo/Amazon-React/functions/node_modules/firebase-admin/lib/index.js\"}}"}}
[debug] [2021-07-08T23:36:04.454Z] [runtime-status] [80201] Trigger "us-central1-api" has been found, beginning invocation! {"metadata":{"emulator":{"name":"functions"},"function":{"name":"us-central1-api"},"message":"[runtime-status] [80201] Trigger \"us-central1-api\" has been found, beginning invocation!"}}
[info] i  functions: Beginning execution of "us-central1-api" {"metadata":{"emulator":{"name":"functions"},"function":{"name":"us-central1-api"},"message":"Beginning execution of \"us-central1-api\""}}
[debug] [2021-07-08T23:36:04.455Z] [runtime-status] [80201] triggerDefinition {"httpsTrigger":{},"name":"api","entryPoint":"api","regions":["us-central1"],"region":"us-central1","id":"us-central1-api"} {"metadata":{"emulator":{"name":"functions"},"function":{"name":"us-central1-api"},"message":"[runtime-status] [80201] triggerDefinition {\"httpsTrigger\":{},\"name\":\"api\",\"entryPoint\":\"api\",\"regions\":[\"us-central1\"],\"region\":\"us-central1\",\"id\":\"us-central1-api\"}"}}
[debug] [2021-07-08T23:36:04.456Z] [runtime-status] [80201] Running us-central1-api in mode HTTPS {"metadata":{"emulator":{"name":"functions"},"function":{"name":"us-central1-api"},"message":"[runtime-status] [80201] Running us-central1-api in mode HTTPS"}}
[debug] [2021-07-08T23:36:04.459Z] [runtime-status] [80201] Attempting to listen to socketPath: /var/folders/jf/cf6325q504z0_gw8jtj0qb0m0000gn/T/fire_emu_80201.sock {"metadata":{"emulator":{"name":"functions"},"function":{"name":"us-central1-api"},"message":"[runtime-status] [80201] Attempting to listen to socketPath: /var/folders/jf/cf6325q504z0_gw8jtj0qb0m0000gn/T/fire_emu_80201.sock"}}
[debug] [2021-07-08T23:36:04.464Z] [functions] Runtime ready! Sending request! {"metadata":{"emulator":{"name":"functions"},"message":"[functions] Runtime ready! Sending request!"}}
[debug] [2021-07-08T23:36:04.465Z] [functions] Got req.url=/clone-927bb/us-central1/api, mapping to path=/ {"metadata":{"emulator":{"name":"functions"},"message":"[functions] Got req.url=/clone-927bb/us-central1/api, mapping to path=/"}}
[debug] [2021-07-08T23:36:04.477Z] [runtime-status] [80201] Ephemeral server handling GET request {"metadata":{"emulator":{"name":"functions"},"function":{"name":"us-central1-api"},"message":"[runtime-status] [80201] Ephemeral server handling GET request"}}
[debug] [2021-07-08T23:36:04.488Z] [runtime-status] [80201] Ephemeral server survived. {"metadata":{"emulator":{"name":"functions"},"function":{"name":"us-central1-api"},"message":"[runtime-status] [80201] Ephemeral server survived."}}
[info] i  functions: Finished "us-central1-api" in ~1s {"metadata":{"emulator":{"name":"functions"},"function":{"name":"us-central1-api"},"message":"Finished \"us-central1-api\" in ~1s"}}
[debug] [2021-07-08T23:36:04.513Z] [worker-us-central1-api-276ba549-d3c5-4be5-a592-ab02c7bd7ee0]: IDLE {"metadata":{"emulator":{"name":"functions"},"message":"[worker-us-central1-api-276ba549-d3c5-4be5-a592-ab02c7bd7ee0]: IDLE"}}
[debug] [2021-07-08T23:36:04.513Z] [work-queue] {"queueLength":0,"workRunningCount":0}
[debug] [2021-07-08T23:36:07.329Z] Functions emulator received unknown request at path /favicon.ico
[debug] [2021-07-08T23:38:09.148Z] [work-queue] {"queueLength":1,"workRunningCount":0}
[debug] [2021-07-08T23:38:09.149Z] [work-queue] {"queueLength":0,"workRunningCount":1}
[debug] [2021-07-08T23:38:09.150Z] Accepted request GET /clone-927bb/us-central1/api/payments/create --> us-central1-api
[debug] [2021-07-08T23:38:09.150Z] [worker-pool] submitWork(triggerId=us-central1-api) {"metadata":{"emulator":{"name":"functions"},"message":"[worker-pool] submitWork(triggerId=us-central1-api)"}}
[debug] [2021-07-08T23:38:09.151Z] [worker-us-central1-api-276ba549-d3c5-4be5-a592-ab02c7bd7ee0]: Assigning socketPath: /var/folders/jf/cf6325q504z0_gw8jtj0qb0m0000gn/T/fire_emu_80201.sock {"metadata":{"emulator":{"name":"functions"},"message":"[worker-us-central1-api-276ba549-d3c5-4be5-a592-ab02c7bd7ee0]: Assigning socketPath: /var/folders/jf/cf6325q504z0_gw8jtj0qb0m0000gn/T/fire_emu_80201.sock"}}
[debug] [2021-07-08T23:38:09.151Z] [worker-us-central1-api-276ba549-d3c5-4be5-a592-ab02c7bd7ee0]: BUSY {"metadata":{"emulator":{"name":"functions"},"message":"[worker-us-central1-api-276ba549-d3c5-4be5-a592-ab02c7bd7ee0]: BUSY"}}
[debug] [2021-07-08T23:38:09.151Z] [runtime-status] [80201] Trigger "us-central1-api" has been found, beginning invocation! {"metadata":{"emulator":{"name":"functions"},"function":{"name":"us-central1-api"},"message":"[runtime-status] [80201] Trigger \"us-central1-api\" has been found, beginning invocation!"}}
[info] i  functions: Beginning execution of "us-central1-api" {"metadata":{"emulator":{"name":"functions"},"function":{"name":"us-central1-api"},"message":"Beginning execution of \"us-central1-api\""}}
[debug] [2021-07-08T23:38:09.154Z] [runtime-status] [80201] triggerDefinition {"httpsTrigger":{},"name":"api","entryPoint":"api","regions":["us-central1"],"region":"us-central1","id":"us-central1-api"} {"metadata":{"emulator":{"name":"functions"},"function":{"name":"us-central1-api"},"message":"[runtime-status] [80201] triggerDefinition {\"httpsTrigger\":{},\"name\":\"api\",\"entryPoint\":\"api\",\"regions\":[\"us-central1\"],\"region\":\"us-central1\",\"id\":\"us-central1-api\"}"}}
[debug] [2021-07-08T23:38:09.154Z] [runtime-status] [80201] Running us-central1-api in mode HTTPS {"metadata":{"emulator":{"name":"functions"},"function":{"name":"us-central1-api"},"message":"[runtime-status] [80201] Running us-central1-api in mode HTTPS"}}
[debug] [2021-07-08T23:38:09.155Z] [runtime-status] [80201] Attempting to listen to socketPath: /var/folders/jf/cf6325q504z0_gw8jtj0qb0m0000gn/T/fire_emu_80201.sock {"metadata":{"emulator":{"name":"functions"},"function":{"name":"us-central1-api"},"message":"[runtime-status] [80201] Attempting to listen to socketPath: /var/folders/jf/cf6325q504z0_gw8jtj0qb0m0000gn/T/fire_emu_80201.sock"}}
[debug] [2021-07-08T23:38:09.156Z] [functions] Runtime ready! Sending request! {"metadata":{"emulator":{"name":"functions"},"message":"[functions] Runtime ready! Sending request!"}}
[debug] [2021-07-08T23:38:09.157Z] [functions] Got req.url=/clone-927bb/us-central1/api/payments/create, mapping to path=/payments/create {"metadata":{"emulator":{"name":"functions"},"message":"[functions] Got req.url=/clone-927bb/us-central1/api/payments/create, mapping to path=/payments/create"}}
[debug] [2021-07-08T23:38:09.162Z] [runtime-status] [80201] Ephemeral server handling GET request {"metadata":{"emulator":{"name":"functions"},"function":{"name":"us-central1-api"},"message":"[runtime-status] [80201] Ephemeral server handling GET request"}}
[debug] [2021-07-08T23:38:09.167Z] [runtime-status] [80201] Ephemeral server survived. {"metadata":{"emulator":{"name":"functions"},"function":{"name":"us-central1-api"},"message":"[runtime-status] [80201] Ephemeral server survived."}}
[info] i  functions: Finished "us-central1-api" in ~1s {"metadata":{"emulator":{"name":"functions"},"function":{"name":"us-central1-api"},"message":"Finished \"us-central1-api\" in ~1s"}}
[debug] [2021-07-08T23:38:09.167Z] [worker-us-central1-api-276ba549-d3c5-4be5-a592-ab02c7bd7ee0]: IDLE {"metadata":{"emulator":{"name":"functions"},"message":"[worker-us-central1-api-276ba549-d3c5-4be5-a592-ab02c7bd7ee0]: IDLE"}}
[debug] [2021-07-08T23:38:09.167Z] [work-queue] {"queueLength":0,"workRunningCount":0}
[debug] [2021-07-08T23:40:48.389Z] [work-queue] {"queueLength":1,"workRunningCount":0}
[debug] [2021-07-08T23:40:48.392Z] [work-queue] {"queueLength":0,"workRunningCount":1}
[debug] [2021-07-08T23:40:48.392Z] Accepted request POST /clone-927bb/us-central1/api/payments/create?total=14000 --> us-central1-api
[debug] [2021-07-08T23:40:48.394Z] [worker-pool] submitWork(triggerId=us-central1-api) {"metadata":{"emulator":{"name":"functions"},"message":"[worker-pool] submitWork(triggerId=us-central1-api)"}}
[debug] [2021-07-08T23:40:48.395Z] [worker-us-central1-api-276ba549-d3c5-4be5-a592-ab02c7bd7ee0]: Assigning socketPath: /var/folders/jf/cf6325q504z0_gw8jtj0qb0m0000gn/T/fire_emu_80201.sock {"metadata":{"emulator":{"name":"functions"},"message":"[worker-us-central1-api-276ba549-d3c5-4be5-a592-ab02c7bd7ee0]: Assigning socketPath: /var/folders/jf/cf6325q504z0_gw8jtj0qb0m0000gn/T/fire_emu_80201.sock"}}
[debug] [2021-07-08T23:40:48.395Z] [worker-us-central1-api-276ba549-d3c5-4be5-a592-ab02c7bd7ee0]: BUSY {"metadata":{"emulator":{"name":"functions"},"message":"[worker-us-central1-api-276ba549-d3c5-4be5-a592-ab02c7bd7ee0]: BUSY"}}
[debug] [2021-07-08T23:40:48.401Z] [runtime-status] [80201] Trigger "us-central1-api" has been found, beginning invocation! {"metadata":{"emulator":{"name":"functions"},"function":{"name":"us-central1-api"},"message":"[runtime-status] [80201] Trigger \"us-central1-api\" has been found, beginning invocation!"}}
[info] i  functions: Beginning execution of "us-central1-api" {"metadata":{"emulator":{"name":"functions"},"function":{"name":"us-central1-api"},"message":"Beginning execution of \"us-central1-api\""}}
[debug] [2021-07-08T23:40:48.403Z] [runtime-status] [80201] triggerDefinition {"httpsTrigger":{},"name":"api","entryPoint":"api","regions":["us-central1"],"region":"us-central1","id":"us-central1-api"} {"metadata":{"emulator":{"name":"functions"},"function":{"name":"us-central1-api"},"message":"[runtime-status] [80201] triggerDefinition {\"httpsTrigger\":{},\"name\":\"api\",\"entryPoint\":\"api\",\"regions\":[\"us-central1\"],\"region\":\"us-central1\",\"id\":\"us-central1-api\"}"}}
[debug] [2021-07-08T23:40:48.403Z] [runtime-status] [80201] Running us-central1-api in mode HTTPS {"metadata":{"emulator":{"name":"functions"},"function":{"name":"us-central1-api"},"message":"[runtime-status] [80201] Running us-central1-api in mode HTTPS"}}
[debug] [2021-07-08T23:40:48.403Z] [runtime-status] [80201] Attempting to listen to socketPath: /var/folders/jf/cf6325q504z0_gw8jtj0qb0m0000gn/T/fire_emu_80201.sock {"metadata":{"emulator":{"name":"functions"},"function":{"name":"us-central1-api"},"message":"[runtime-status] [80201] Attempting to listen to socketPath: /var/folders/jf/cf6325q504z0_gw8jtj0qb0m0000gn/T/fire_emu_80201.sock"}}
[debug] [2021-07-08T23:40:48.409Z] [functions] Runtime ready! Sending request! {"metadata":{"emulator":{"name":"functions"},"message":"[functions] Runtime ready! Sending request!"}}
[debug] [2021-07-08T23:40:48.410Z] [functions] Got req.url=/clone-927bb/us-central1/api/payments/create?total=14000, mapping to path=/payments/create?total=14000 {"metadata":{"emulator":{"name":"functions"},"message":"[functions] Got req.url=/clone-927bb/us-central1/api/payments/create?total=14000, mapping to path=/payments/create?total=14000"}}
[debug] [2021-07-08T23:40:48.421Z] [runtime-status] [80201] Ephemeral server handling POST request {"metadata":{"emulator":{"name":"functions"},"function":{"name":"us-central1-api"},"message":"[runtime-status] [80201] Ephemeral server handling POST request"}}
[info] >  Payment Request Recieved BOOM!!! for this amount >>>  14000 {"user":"Payment Request Recieved BOOM!!! for this amount >>>  14000","metadata":{"emulator":{"name":"functions"},"function":{"name":"us-central1-api"},"message":"\u001b[90m> \u001b[39m Payment Request Recieved BOOM!!! for this amount >>>  14000"}}
[debug] [2021-07-08T23:40:48.444Z] [runtime-status] [80201] Ephemeral server survived. {"metadata":{"emulator":{"name":"functions"},"function":{"name":"us-central1-api"},"message":"[runtime-status] [80201] Ephemeral server survived."}}
[info] i  functions: Finished "us-central1-api" in ~1s {"metadata":{"emulator":{"name":"functions"},"function":{"name":"us-central1-api"},"message":"Finished \"us-central1-api\" in ~1s"}}
[debug] [2021-07-08T23:40:49.114Z] [worker-us-central1-api-276ba549-d3c5-4be5-a592-ab02c7bd7ee0]: IDLE {"metadata":{"emulator":{"name":"functions"},"message":"[worker-us-central1-api-276ba549-d3c5-4be5-a592-ab02c7bd7ee0]: IDLE"}}
[debug] [2021-07-08T23:40:49.114Z] [work-queue] {"queueLength":0,"workRunningCount":0}
[debug] [2021-07-08T23:41:09.677Z] [work-queue] {"queueLength":1,"workRunningCount":0}
[debug] [2021-07-08T23:41:09.677Z] [work-queue] {"queueLength":0,"workRunningCount":1}
[debug] [2021-07-08T23:41:09.678Z] Accepted request POST /clone-927bb/us-central1/api/payments/create?total=0 --> us-central1-api
[debug] [2021-07-08T23:41:09.678Z] [worker-pool] submitWork(triggerId=us-central1-api) {"metadata":{"emulator":{"name":"functions"},"message":"[worker-pool] submitWork(triggerId=us-central1-api)"}}
[debug] [2021-07-08T23:41:09.678Z] [worker-us-central1-api-276ba549-d3c5-4be5-a592-ab02c7bd7ee0]: Assigning socketPath: /var/folders/jf/cf6325q504z0_gw8jtj0qb0m0000gn/T/fire_emu_80201.sock {"metadata":{"emulator":{"name":"functions"},"message":"[worker-us-central1-api-276ba549-d3c5-4be5-a592-ab02c7bd7ee0]: Assigning socketPath: /var/folders/jf/cf6325q504z0_gw8jtj0qb0m0000gn/T/fire_emu_80201.sock"}}
[debug] [2021-07-08T23:41:09.678Z] [worker-us-central1-api-276ba549-d3c5-4be5-a592-ab02c7bd7ee0]: BUSY {"metadata":{"emulator":{"name":"functions"},"message":"[worker-us-central1-api-276ba549-d3c5-4be5-a592-ab02c7bd7ee0]: BUSY"}}
[debug] [2021-07-08T23:41:09.686Z] [runtime-status] [80201] Trigger "us-central1-api" has been found, beginning invocation! {"metadata":{"emulator":{"name":"functions"},"function":{"name":"us-central1-api"},"message":"[runtime-status] [80201] Trigger \"us-central1-api\" has been found, beginning invocation!"}}
[info] i  functions: Beginning execution of "us-central1-api" {"metadata":{"emulator":{"name":"functions"},"function":{"name":"us-central1-api"},"message":"Beginning execution of \"us-central1-api\""}}
[debug] [2021-07-08T23:41:09.687Z] [runtime-status] [80201] triggerDefinition {"httpsTrigger":{},"name":"api","entryPoint":"api","regions":["us-central1"],"region":"us-central1","id":"us-central1-api"} {"metadata":{"emulator":{"name":"functions"},"function":{"name":"us-central1-api"},"message":"[runtime-status] [80201] triggerDefinition {\"httpsTrigger\":{},\"name\":\"api\",\"entryPoint\":\"api\",\"regions\":[\"us-central1\"],\"region\":\"us-central1\",\"id\":\"us-central1-api\"}"}}
[debug] [2021-07-08T23:41:09.688Z] [runtime-status] [80201] Running us-central1-api in mode HTTPS {"metadata":{"emulator":{"name":"functions"},"function":{"name":"us-central1-api"},"message":"[runtime-status] [80201] Running us-central1-api in mode HTTPS"}}
[debug] [2021-07-08T23:41:09.688Z] [runtime-status] [80201] Attempting to listen to socketPath: /var/folders/jf/cf6325q504z0_gw8jtj0qb0m0000gn/T/fire_emu_80201.sock {"metadata":{"emulator":{"name":"functions"},"function":{"name":"us-central1-api"},"message":"[runtime-status] [80201] Attempting to listen to socketPath: /var/folders/jf/cf6325q504z0_gw8jtj0qb0m0000gn/T/fire_emu_80201.sock"}}
[debug] [2021-07-08T23:41:09.691Z] [functions] Runtime ready! Sending request! {"metadata":{"emulator":{"name":"functions"},"message":"[functions] Runtime ready! Sending request!"}}
[debug] [2021-07-08T23:41:09.691Z] [functions] Got req.url=/clone-927bb/us-central1/api/payments/create?total=0, mapping to path=/payments/create?total=0 {"metadata":{"emulator":{"name":"functions"},"message":"[functions] Got req.url=/clone-927bb/us-central1/api/payments/create?total=0, mapping to path=/payments/create?total=0"}}
[debug] [2021-07-08T23:41:09.699Z] [runtime-status] [80201] Ephemeral server handling POST request {"metadata":{"emulator":{"name":"functions"},"function":{"name":"us-central1-api"},"message":"[runtime-status] [80201] Ephemeral server handling POST request"}}
[info] >  Payment Request Recieved BOOM!!! for this amount >>>  0 {"user":"Payment Request Recieved BOOM!!! for this amount >>>  0","metadata":{"emulator":{"name":"functions"},"function":{"name":"us-central1-api"},"message":"\u001b[90m> \u001b[39m Payment Request Recieved BOOM!!! for this amount >>>  0"}}
[debug] [2021-07-08T23:41:09.700Z] [runtime-status] [80201] Ephemeral server survived. {"metadata":{"emulator":{"name":"functions"},"function":{"name":"us-central1-api"},"message":"[runtime-status] [80201] Ephemeral server survived."}}
[info] >  /Users/bryanjazo/Amazon-React/functions/node_modules/stripe/lib/Error.js:40 {"user":"/Users/bryanjazo/Amazon-React/functions/node_modules/stripe/lib/Error.js:40","metadata":{"emulator":{"name":"functions"},"function":{"name":"us-central1-api"},"message":"\u001b[90m> \u001b[39m /Users/bryanjazo/Amazon-React/functions/node_modules/stripe/lib/Error.js:40"}}
[info] >          return new StripeInvalidRequestError(rawStripeError); {"user":"        return new StripeInvalidRequestError(rawStripeError);","metadata":{"emulator":{"name":"functions"},"function":{"name":"us-central1-api"},"message":"\u001b[90m> \u001b[39m         return new StripeInvalidRequestError(rawStripeError);"}}
[info] >                 ^ {"user":"               ^","metadata":{"emulator":{"name":"functions"},"function":{"name":"us-central1-api"},"message":"\u001b[90m> \u001b[39m                ^"}}
[info] >   {"user":"","metadata":{"emulator":{"name":"functions"},"function":{"name":"us-central1-api"},"message":"\u001b[90m> \u001b[39m "}}
[info] >  StripeInvalidRequestError: This value must be greater than or equal to 1. {"user":"StripeInvalidRequestError: This value must be greater than or equal to 1.","metadata":{"emulator":{"name":"functions"},"function":{"name":"us-central1-api"},"message":"\u001b[90m> \u001b[39m StripeInvalidRequestError: This value must be greater than or equal to 1."}}
[info] >      at Function.generate (/Users/bryanjazo/Amazon-React/functions/node_modules/stripe/lib/Error.js:40:16) {"user":"    at Function.generate (/Users/bryanjazo/Amazon-React/functions/node_modules/stripe/lib/Error.js:40:16)","metadata":{"emulator":{"name":"functions"},"function":{"name":"us-central1-api"},"message":"\u001b[90m> \u001b[39m     at Function.generate (/Users/bryanjazo/Amazon-React/functions/node_modules/stripe/lib/Error.js:40:16)"}}
[info] >      at IncomingMessage.<anonymous> (/Users/bryanjazo/Amazon-React/functions/node_modules/stripe/lib/StripeResource.js:180:33) {"user":"    at IncomingMessage.<anonymous> (/Users/bryanjazo/Amazon-React/functions/node_modules/stripe/lib/StripeResource.js:180:33)","metadata":{"emulator":{"name":"functions"},"function":{"name":"us-central1-api"},"message":"\u001b[90m> \u001b[39m     at IncomingMessage.<anonymous> (/Users/bryanjazo/Amazon-React/functions/node_modules/stripe/lib/StripeResource.js:180:33)"}}
[info] >      at Object.onceWrapper (node:events:471:28) {"user":"    at Object.onceWrapper (node:events:471:28)","metadata":{"emulator":{"name":"functions"},"function":{"name":"us-central1-api"},"message":"\u001b[90m> \u001b[39m     at Object.onceWrapper (node:events:471:28)"}}
[info] >      at IncomingMessage.emit (node:events:377:35) {"user":"    at IncomingMessage.emit (node:events:377:35)","metadata":{"emulator":{"name":"functions"},"function":{"name":"us-central1-api"},"message":"\u001b[90m> \u001b[39m     at IncomingMessage.emit (node:events:377:35)"}}
[info] >      at endReadableNT (node:internal/streams/readable:1312:12) {"user":"    at endReadableNT (node:internal/streams/readable:1312:12)","metadata":{"emulator":{"name":"functions"},"function":{"name":"us-central1-api"},"message":"\u001b[90m> \u001b[39m     at endReadableNT (node:internal/streams/readable:1312:12)"}}
[info] >      at processTicksAndRejections (node:internal/process/task_queues:83:21) { {"user":"    at processTicksAndRejections (node:internal/process/task_queues:83:21) {","metadata":{"emulator":{"name":"functions"},"function":{"name":"us-central1-api"},"message":"\u001b[90m> \u001b[39m     at processTicksAndRejections (node:internal/process/task_queues:83:21) {"}}
[info] >    type: 'StripeInvalidRequestError', {"user":"  type: 'StripeInvalidRequestError',","metadata":{"emulator":{"name":"functions"},"function":{"name":"us-central1-api"},"message":"\u001b[90m> \u001b[39m   type: 'StripeInvalidRequestError',"}}
[info] >    raw: { {"user":"  raw: {","metadata":{"emulator":{"name":"functions"},"function":{"name":"us-central1-api"},"message":"\u001b[90m> \u001b[39m   raw: {"}}
[info] >      code: 'parameter_invalid_integer', {"user":"    code: 'parameter_invalid_integer',","metadata":{"emulator":{"name":"functions"},"function":{"name":"us-central1-api"},"message":"\u001b[90m> \u001b[39m     code: 'parameter_invalid_integer',"}}
[info] >      doc_url: 'https://stripe.com/docs/error-codes/parameter-invalid-integer', {"user":"    doc_url: 'https://stripe.com/docs/error-codes/parameter-invalid-integer',","metadata":{"emulator":{"name":"functions"},"function":{"name":"us-central1-api"},"message":"\u001b[90m> \u001b[39m     doc_url: 'https://stripe.com/docs/error-codes/parameter-invalid-integer',"}}
[info] >      message: 'This value must be greater than or equal to 1.', {"user":"    message: 'This value must be greater than or equal to 1.',","metadata":{"emulator":{"name":"functions"},"function":{"name":"us-central1-api"},"message":"\u001b[90m> \u001b[39m     message: 'This value must be greater than or equal to 1.',"}}
[info] >      param: 'amount', {"user":"    param: 'amount',","metadata":{"emulator":{"name":"functions"},"function":{"name":"us-central1-api"},"message":"\u001b[90m> \u001b[39m     param: 'amount',"}}
[info] >      type: 'invalid_request_error', {"user":"    type: 'invalid_request_error',","metadata":{"emulator":{"name":"functions"},"function":{"name":"us-central1-api"},"message":"\u001b[90m> \u001b[39m     type: 'invalid_request_error',"}}
[info] >      headers: { {"user":"    headers: {","metadata":{"emulator":{"name":"functions"},"function":{"name":"us-central1-api"},"message":"\u001b[90m> \u001b[39m     headers: {"}}
[info] >        server: 'nginx', {"user":"      server: 'nginx',","metadata":{"emulator":{"name":"functions"},"function":{"name":"us-central1-api"},"message":"\u001b[90m> \u001b[39m       server: 'nginx',"}}
[info] >        date: 'Thu, 08 Jul 2021 23:41:09 GMT', {"user":"      date: 'Thu, 08 Jul 2021 23:41:09 GMT',","metadata":{"emulator":{"name":"functions"},"function":{"name":"us-central1-api"},"message":"\u001b[90m> \u001b[39m       date: 'Thu, 08 Jul 2021 23:41:09 GMT',"}}
[info] >        'content-type': 'application/json', {"user":"      'content-type': 'application/json',","metadata":{"emulator":{"name":"functions"},"function":{"name":"us-central1-api"},"message":"\u001b[90m> \u001b[39m       'content-type': 'application/json',"}}
[info] >        'content-length': '266', {"user":"      'content-length': '266',","metadata":{"emulator":{"name":"functions"},"function":{"name":"us-central1-api"},"message":"\u001b[90m> \u001b[39m       'content-length': '266',"}}
[info] >        connection: 'keep-alive', {"user":"      connection: 'keep-alive',","metadata":{"emulator":{"name":"functions"},"function":{"name":"us-central1-api"},"message":"\u001b[90m> \u001b[39m       connection: 'keep-alive',"}}
[info] >        'access-control-allow-credentials': 'true', {"user":"      'access-control-allow-credentials': 'true',","metadata":{"emulator":{"name":"functions"},"function":{"name":"us-central1-api"},"message":"\u001b[90m> \u001b[39m       'access-control-allow-credentials': 'true',"}}
[info] >        'access-control-allow-methods': 'GET, POST, HEAD, OPTIONS, DELETE', {"user":"      'access-control-allow-methods': 'GET, POST, HEAD, OPTIONS, DELETE',","metadata":{"emulator":{"name":"functions"},"function":{"name":"us-central1-api"},"message":"\u001b[90m> \u001b[39m       'access-control-allow-methods': 'GET, POST, HEAD, OPTIONS, DELETE',"}}
[info] >        'access-control-allow-origin': '*', {"user":"      'access-control-allow-origin': '*',","metadata":{"emulator":{"name":"functions"},"function":{"name":"us-central1-api"},"message":"\u001b[90m> \u001b[39m       'access-control-allow-origin': '*',"}}
[info] >        'access-control-expose-headers': 'Request-Id, Stripe-Manage-Version, X-Stripe-External-Auth-Required, X-Stripe-Privileged-Session-Required', {"user":"      'access-control-expose-headers': 'Request-Id, Stripe-Manage-Version, X-Stripe-External-Auth-Required, X-Stripe-Privileged-Session-Required',","metadata":{"emulator":{"name":"functions"},"function":{"name":"us-central1-api"},"message":"\u001b[90m> \u001b[39m       'access-control-expose-headers': 'Request-Id, Stripe-Manage-Version, X-Stripe-External-Auth-Required, X-Stripe-Privileged-Session-Required',"}}
[info] >        'access-control-max-age': '300', {"user":"      'access-control-max-age': '300',","metadata":{"emulator":{"name":"functions"},"function":{"name":"us-central1-api"},"message":"\u001b[90m> \u001b[39m       'access-control-max-age': '300',"}}
[info] >        'cache-control': 'no-cache, no-store', {"user":"      'cache-control': 'no-cache, no-store',","metadata":{"emulator":{"name":"functions"},"function":{"name":"us-central1-api"},"message":"\u001b[90m> \u001b[39m       'cache-control': 'no-cache, no-store',"}}
[info] >        'request-id': 'req_BrEkVlXRDNedGe', {"user":"      'request-id': 'req_BrEkVlXRDNedGe',","metadata":{"emulator":{"name":"functions"},"function":{"name":"us-central1-api"},"message":"\u001b[90m> \u001b[39m       'request-id': 'req_BrEkVlXRDNedGe',"}}
[info] >        'stripe-version': '2020-08-27', {"user":"      'stripe-version': '2020-08-27',","metadata":{"emulator":{"name":"functions"},"function":{"name":"us-central1-api"},"message":"\u001b[90m> \u001b[39m       'stripe-version': '2020-08-27',"}}
[info] >        'x-stripe-c-cost': '0', {"user":"      'x-stripe-c-cost': '0',","metadata":{"emulator":{"name":"functions"},"function":{"name":"us-central1-api"},"message":"\u001b[90m> \u001b[39m       'x-stripe-c-cost': '0',"}}
[info] >        'strict-transport-security': 'max-age=31556926; includeSubDomains; preload' {"user":"      'strict-transport-security': 'max-age=31556926; includeSubDomains; preload'","metadata":{"emulator":{"name":"functions"},"function":{"name":"us-central1-api"},"message":"\u001b[90m> \u001b[39m       'strict-transport-security': 'max-age=31556926; includeSubDomains; preload'"}}
[info] >      }, {"user":"    },","metadata":{"emulator":{"name":"functions"},"function":{"name":"us-central1-api"},"message":"\u001b[90m> \u001b[39m     },"}}
[info] >      statusCode: 400, {"user":"    statusCode: 400,","metadata":{"emulator":{"name":"functions"},"function":{"name":"us-central1-api"},"message":"\u001b[90m> \u001b[39m     statusCode: 400,"}}
[info] >      requestId: 'req_BrEkVlXRDNedGe' {"user":"    requestId: 'req_BrEkVlXRDNedGe'","metadata":{"emulator":{"name":"functions"},"function":{"name":"us-central1-api"},"message":"\u001b[90m> \u001b[39m     requestId: 'req_BrEkVlXRDNedGe'"}}
[info] >    }, {"user":"  },","metadata":{"emulator":{"name":"functions"},"function":{"name":"us-central1-api"},"message":"\u001b[90m> \u001b[39m   },"}}
[info] >    rawType: 'invalid_request_error', {"user":"  rawType: 'invalid_request_error',","metadata":{"emulator":{"name":"functions"},"function":{"name":"us-central1-api"},"message":"\u001b[90m> \u001b[39m   rawType: 'invalid_request_error',"}}
[info] >    code: 'parameter_invalid_integer', {"user":"  code: 'parameter_invalid_integer',","metadata":{"emulator":{"name":"functions"},"function":{"name":"us-central1-api"},"message":"\u001b[90m> \u001b[39m   code: 'parameter_invalid_integer',"}}
[info] >    doc_url: 'https://stripe.com/docs/error-codes/parameter-invalid-integer', {"user":"  doc_url: 'https://stripe.com/docs/error-codes/parameter-invalid-integer',","metadata":{"emulator":{"name":"functions"},"function":{"name":"us-central1-api"},"message":"\u001b[90m> \u001b[39m   doc_url: 'https://stripe.com/docs/error-codes/parameter-invalid-integer',"}}
[info] >    param: 'amount', {"user":"  param: 'amount',","metadata":{"emulator":{"name":"functions"},"function":{"name":"us-central1-api"},"message":"\u001b[90m> \u001b[39m   param: 'amount',"}}
[info] >    detail: undefined, {"user":"  detail: undefined,","metadata":{"emulator":{"name":"functions"},"function":{"name":"us-central1-api"},"message":"\u001b[90m> \u001b[39m   detail: undefined,"}}
[info] >    headers: { {"user":"  headers: {","metadata":{"emulator":{"name":"functions"},"function":{"name":"us-central1-api"},"message":"\u001b[90m> \u001b[39m   headers: {"}}
[info] >      server: 'nginx', {"user":"    server: 'nginx',","metadata":{"emulator":{"name":"functions"},"function":{"name":"us-central1-api"},"message":"\u001b[90m> \u001b[39m     server: 'nginx',"}}
[info] >      date: 'Thu, 08 Jul 2021 23:41:09 GMT', {"user":"    date: 'Thu, 08 Jul 2021 23:41:09 GMT',","metadata":{"emulator":{"name":"functions"},"function":{"name":"us-central1-api"},"message":"\u001b[90m> \u001b[39m     date: 'Thu, 08 Jul 2021 23:41:09 GMT',"}}
[info] >      'content-type': 'application/json', {"user":"    'content-type': 'application/json',","metadata":{"emulator":{"name":"functions"},"function":{"name":"us-central1-api"},"message":"\u001b[90m> \u001b[39m     'content-type': 'application/json',"}}
[info] >      'content-length': '266', {"user":"    'content-length': '266',","metadata":{"emulator":{"name":"functions"},"function":{"name":"us-central1-api"},"message":"\u001b[90m> \u001b[39m     'content-length': '266',"}}
[info] >      connection: 'keep-alive', {"user":"    connection: 'keep-alive',","metadata":{"emulator":{"name":"functions"},"function":{"name":"us-central1-api"},"message":"\u001b[90m> \u001b[39m     connection: 'keep-alive',"}}
[info] >      'access-control-allow-credentials': 'true', {"user":"    'access-control-allow-credentials': 'true',","metadata":{"emulator":{"name":"functions"},"function":{"name":"us-central1-api"},"message":"\u001b[90m> \u001b[39m     'access-control-allow-credentials': 'true',"}}
[info] >      'access-control-allow-methods': 'GET, POST, HEAD, OPTIONS, DELETE', {"user":"    'access-control-allow-methods': 'GET, POST, HEAD, OPTIONS, DELETE',","metadata":{"emulator":{"name":"functions"},"function":{"name":"us-central1-api"},"message":"\u001b[90m> \u001b[39m     'access-control-allow-methods': 'GET, POST, HEAD, OPTIONS, DELETE',"}}
[info] >      'access-control-allow-origin': '*', {"user":"    'access-control-allow-origin': '*',","metadata":{"emulator":{"name":"functions"},"function":{"name":"us-central1-api"},"message":"\u001b[90m> \u001b[39m     'access-control-allow-origin': '*',"}}
[info] >      'access-control-expose-headers': 'Request-Id, Stripe-Manage-Version, X-Stripe-External-Auth-Required, X-Stripe-Privileged-Session-Required', {"user":"    'access-control-expose-headers': 'Request-Id, Stripe-Manage-Version, X-Stripe-External-Auth-Required, X-Stripe-Privileged-Session-Required',","metadata":{"emulator":{"name":"functions"},"function":{"name":"us-central1-api"},"message":"\u001b[90m> \u001b[39m     'access-control-expose-headers': 'Request-Id, Stripe-Manage-Version, X-Stripe-External-Auth-Required, X-Stripe-Privileged-Session-Required',"}}
[info] >      'access-control-max-age': '300', {"user":"    'access-control-max-age': '300',","metadata":{"emulator":{"name":"functions"},"function":{"name":"us-central1-api"},"message":"\u001b[90m> \u001b[39m     'access-control-max-age': '300',"}}
[info] >      'cache-control': 'no-cache, no-store', {"user":"    'cache-control': 'no-cache, no-store',","metadata":{"emulator":{"name":"functions"},"function":{"name":"us-central1-api"},"message":"\u001b[90m> \u001b[39m     'cache-control': 'no-cache, no-store',"}}
[info] >      'request-id': 'req_BrEkVlXRDNedGe', {"user":"    'request-id': 'req_BrEkVlXRDNedGe',","metadata":{"emulator":{"name":"functions"},"function":{"name":"us-central1-api"},"message":"\u001b[90m> \u001b[39m     'request-id': 'req_BrEkVlXRDNedGe',"}}
[info] >      'stripe-version': '2020-08-27', {"user":"    'stripe-version': '2020-08-27',","metadata":{"emulator":{"name":"functions"},"function":{"name":"us-central1-api"},"message":"\u001b[90m> \u001b[39m     'stripe-version': '2020-08-27',"}}
[info] >      'x-stripe-c-cost': '0', {"user":"    'x-stripe-c-cost': '0',","metadata":{"emulator":{"name":"functions"},"function":{"name":"us-central1-api"},"message":"\u001b[90m> \u001b[39m     'x-stripe-c-cost': '0',"}}
[info] >      'strict-transport-security': 'max-age=31556926; includeSubDomains; preload' {"user":"    'strict-transport-security': 'max-age=31556926; includeSubDomains; preload'","metadata":{"emulator":{"name":"functions"},"function":{"name":"us-central1-api"},"message":"\u001b[90m> \u001b[39m     'strict-transport-security': 'max-age=31556926; includeSubDomains; preload'"}}
[info] >    }, {"user":"  },","metadata":{"emulator":{"name":"functions"},"function":{"name":"us-central1-api"},"message":"\u001b[90m> \u001b[39m   },"}}
[info] >    requestId: 'req_BrEkVlXRDNedGe', {"user":"  requestId: 'req_BrEkVlXRDNedGe',","metadata":{"emulator":{"name":"functions"},"function":{"name":"us-central1-api"},"message":"\u001b[90m> \u001b[39m   requestId: 'req_BrEkVlXRDNedGe',"}}
[info] >    statusCode: 400, {"user":"  statusCode: 400,","metadata":{"emulator":{"name":"functions"},"function":{"name":"us-central1-api"},"message":"\u001b[90m> \u001b[39m   statusCode: 400,"}}
[info] >    charge: undefined, {"user":"  charge: undefined,","metadata":{"emulator":{"name":"functions"},"function":{"name":"us-central1-api"},"message":"\u001b[90m> \u001b[39m   charge: undefined,"}}
[info] >    decline_code: undefined, {"user":"  decline_code: undefined,","metadata":{"emulator":{"name":"functions"},"function":{"name":"us-central1-api"},"message":"\u001b[90m> \u001b[39m   decline_code: undefined,"}}
[info] >    payment_intent: undefined, {"user":"  payment_intent: undefined,","metadata":{"emulator":{"name":"functions"},"function":{"name":"us-central1-api"},"message":"\u001b[90m> \u001b[39m   payment_intent: undefined,"}}
[info] >    payment_method: undefined, {"user":"  payment_method: undefined,","metadata":{"emulator":{"name":"functions"},"function":{"name":"us-central1-api"},"message":"\u001b[90m> \u001b[39m   payment_method: undefined,"}}
[info] >    payment_method_type: undefined, {"user":"  payment_method_type: undefined,","metadata":{"emulator":{"name":"functions"},"function":{"name":"us-central1-api"},"message":"\u001b[90m> \u001b[39m   payment_method_type: undefined,"}}
[info] >    setup_intent: undefined, {"user":"  setup_intent: undefined,","metadata":{"emulator":{"name":"functions"},"function":{"name":"us-central1-api"},"message":"\u001b[90m> \u001b[39m   setup_intent: undefined,"}}
[info] >    source: undefined {"user":"  source: undefined","metadata":{"emulator":{"name":"functions"},"function":{"name":"us-central1-api"},"message":"\u001b[90m> \u001b[39m   source: undefined"}}
[info] >  } {"user":"}","metadata":{"emulator":{"name":"functions"},"function":{"name":"us-central1-api"},"message":"\u001b[90m> \u001b[39m }"}}
[debug] [2021-07-08T23:41:11.169Z] [worker-us-central1-api-276ba549-d3c5-4be5-a592-ab02c7bd7ee0]: exited {"metadata":{"emulator":{"name":"functions"},"message":"[worker-us-central1-api-276ba549-d3c5-4be5-a592-ab02c7bd7ee0]: exited"}}
[debug] [2021-07-08T23:41:11.169Z] [worker-us-central1-api-276ba549-d3c5-4be5-a592-ab02c7bd7ee0]: FINISHED {"metadata":{"emulator":{"name":"functions"},"message":"[worker-us-central1-api-276ba549-d3c5-4be5-a592-ab02c7bd7ee0]: FINISHED"}}
[debug] [2021-07-08T23:41:11.169Z] [work-queue] {"queueLength":0,"workRunningCount":0}
